[05-Jun-2021 23:45:24] NOTICE: fpm is running, pid 18
[05-Jun-2021 23:45:24] NOTICE: ready to handle connections
[05-Jun-2021 23:45:24] NOTICE: systemd monitor interval set to 10000ms
[05-Jun-2021 23:47:52] WARNING: [pool www] server reached pm.max_children setting (4), consider raising it
[06-Jun-2021 00:30:00] NOTICE: Terminating ...
[06-Jun-2021 00:30:00] NOTICE: exiting, bye-bye!
[06-Jun-2021 01:26:14] NOTICE: fpm is running, pid 17
[06-Jun-2021 01:26:14] NOTICE: ready to handle connections
[06-Jun-2021 01:26:14] NOTICE: systemd monitor interval set to 10000ms
[06-Jun-2021 01:43:16] WARNING: [pool www] server reached pm.max_children setting (4), consider raising it
[06-Jun-2021 04:30:03] NOTICE: Terminating ...
[06-Jun-2021 04:30:03] NOTICE: exiting, bye-bye!
[06-Jun-2021 13:12:37] NOTICE: fpm is running, pid 18
[06-Jun-2021 13:12:37] NOTICE: ready to handle connections
[06-Jun-2021 13:12:37] NOTICE: systemd monitor interval set to 10000ms
[06-Jun-2021 13:53:11] WARNING: [pool www] server reached pm.max_children setting (4), consider raising it
[10-Jun-2021 00:22:27] NOTICE: fpm is running, pid 18
[10-Jun-2021 00:22:27] NOTICE: ready to handle connections
[10-Jun-2021 00:22:27] NOTICE: systemd monitor interval set to 10000ms
[10-Jun-2021 00:26:11] WARNING: [pool www] server reached pm.max_children setting (4), consider raising it
[10-Jun-2021 01:08:36] NOTICE: Terminating ...
[10-Jun-2021 01:08:36] NOTICE: exiting, bye-bye!
[10-Jun-2021 03:15:18] NOTICE: fpm is running, pid 18
[10-Jun-2021 03:15:18] NOTICE: ready to handle connections
[10-Jun-2021 03:15:18] NOTICE: systemd monitor interval set to 10000ms
[10-Jun-2021 03:17:00] WARNING: [pool www] server reached pm.max_children setting (4), consider raising it
[10-Jun-2021 03:32:45] NOTICE: Terminating ...
[10-Jun-2021 03:32:45] NOTICE: exiting, bye-bye!
